[20/10 19:25:30] [info] Initializing worker and caches
[20/10 19:25:30] [info] Registering integrations
[20/10 19:25:30] [info] Initializing tasks and listeners
[20/10 21:46:52] [info] Disabled integration for PlaceholderAPI
[20/10 22:47:58] [info] Initializing worker and caches
[20/10 22:47:58] [info] Registering integrations
[20/10 22:47:58] [info] Initializing tasks and listeners
[21/10 02:13:39] [info] Disabled integration for PlaceholderAPI
[24/10 22:12:43] [info] Initializing worker and caches
[24/10 22:12:43] [info] Registering integrations
[24/10 22:12:43] [info] Initializing tasks and listeners
[24/10 23:08:23] [info] Disabled integration for PlaceholderAPI
[25/10 01:23:51] [info] Initializing worker and caches
[25/10 01:23:51] [info] Registering integrations
[25/10 01:23:51] [info] Initializing tasks and listeners
[25/10 03:50:37] [info] Disabled integration for PlaceholderAPI
[25/10 15:31:49] [info] Initializing worker and caches
[25/10 15:31:49] [info] Registering integrations
[25/10 15:31:49] [info] Initializing tasks and listeners
[25/10 15:46:05] [info] Disabled integration for PlaceholderAPI
[25/10 16:13:57] [info] Initializing worker and caches
[25/10 16:13:57] [info] Registering integrations
[25/10 16:13:57] [info] Initializing tasks and listeners
[25/10 17:08:48] [info] Disabled integration for PlaceholderAPI
[25/10 17:10:35] [info] Initializing worker and caches
[25/10 17:10:35] [info] Registering integrations
[25/10 17:10:35] [info] Initializing tasks and listeners
[25/10 17:26:41] [info] Disabled integration for PlaceholderAPI
[25/10 17:28:38] [info] Initializing worker and caches
[25/10 17:28:38] [info] Registering integrations
[25/10 17:28:38] [info] Initializing tasks and listeners
[25/10 17:33:27] [info] Disabled integration for PlaceholderAPI
[25/10 17:35:05] [info] Initializing worker and caches
[25/10 17:35:05] [info] Registering integrations
[25/10 17:35:05] [info] Initializing tasks and listeners
[25/10 17:37:38] [info] Disabled integration for PlaceholderAPI
[25/10 17:38:59] [info] Initializing worker and caches
[25/10 17:38:59] [info] Registering integrations
[25/10 17:38:59] [info] Initializing tasks and listeners
[25/10 17:44:40] [info] Disabled integration for PlaceholderAPI
[25/10 20:09:43] [info] Initializing worker and caches
[25/10 20:09:43] [info] Registering integrations
[25/10 20:09:43] [info] Initializing tasks and listeners
[25/10 22:03:40] [info] Disabled integration for PlaceholderAPI
[26/10 23:49:16] [info] Initializing worker and caches
[26/10 23:49:16] [info] Registering integrations
[26/10 23:49:16] [info] Initializing tasks and listeners
[27/10 04:16:21] [info] Disabled integration for PlaceholderAPI
[27/10 15:27:37] [info] Initializing worker and caches
[27/10 15:27:37] [info] Registering integrations
[27/10 15:27:37] [info] Initializing tasks and listeners
[27/10 15:46:46] [info] Disabled integration for PlaceholderAPI
[27/10 15:48:42] [info] Initializing worker and caches
[27/10 15:48:42] [info] Registering integrations
[27/10 15:48:42] [info] Initializing tasks and listeners
[27/10 16:53:10] [info] Disabled integration for PlaceholderAPI
[28/10 11:46:17] [info] Initializing worker and caches
[28/10 11:46:17] [info] Registering integrations
[28/10 11:46:17] [info] Initializing tasks and listeners
[28/10 12:44:28] [info] Disabled integration for PlaceholderAPI
[28/10 13:01:40] [info] Initializing worker and caches
[28/10 13:01:40] [info] Registering integrations
[28/10 13:01:40] [info] Initializing tasks and listeners
[28/10 18:53:33] [info] Disabled integration for PlaceholderAPI
[31/10 00:00:39] [info] Initializing worker and caches
[31/10 00:00:39] [info] Registering integrations
[31/10 00:00:39] [info] Initializing tasks and listeners
[31/10 00:39:26] [info] Disabled integration for PlaceholderAPI
[31/10 03:29:35] [info] Initializing worker and caches
[31/10 03:29:35] [info] Registering integrations
[31/10 03:29:35] [info] Initializing tasks and listeners
[31/10 03:49:56] [info] Disabled integration for PlaceholderAPI
[31/10 06:25:15] [info] Initializing worker and caches
[31/10 06:25:16] [info] Enabled NPC manager with ProtocolLib
[31/10 06:25:16] [info] Registering integrations
[31/10 06:25:16] [info] Initializing tasks and listeners
[31/10 06:30:55] [info] Disabled integration for PlaceholderAPI
[31/10 06:30:55] [info] Disabled integration for Citizens
[31/10 06:33:26] [info] Initializing worker and caches
[31/10 06:33:26] [info] Registering integrations
[31/10 06:33:26] [info] Initializing tasks and listeners
[31/10 06:42:13] [info] Disabled integration for PlaceholderAPI
[31/10 06:42:13] [info] Disabled integration for Citizens
[31/10 06:45:28] [info] Initializing worker and caches
[31/10 06:45:28] [info] Enabled NPC manager with ProtocolLib
[31/10 06:45:28] [info] Registering integrations
[31/10 06:45:28] [info] Initializing tasks and listeners
[31/10 06:53:24] [info] Disabled integration for PlaceholderAPI
[31/10 06:53:24] [info] Disabled integration for Citizens
[01/11 00:07:22] [info] Initializing worker and caches
[01/11 00:07:22] [info] Enabled NPC manager with ProtocolLib
[01/11 00:07:22] [info] Registering integrations
[01/11 00:07:22] [info] Initializing tasks and listeners
[01/11 00:56:34] [info] Disabled integration for PlaceholderAPI
[01/11 00:56:34] [info] Disabled integration for Citizens
[01/11 01:02:27] [info] Initializing worker and caches
[01/11 01:02:27] [info] Enabled NPC manager with ProtocolLib
[01/11 01:02:27] [info] Registering integrations
[01/11 01:02:27] [info] Initializing tasks and listeners
[01/11 01:06:10] [info] Disabled integration for PlaceholderAPI
[01/11 01:06:10] [info] Disabled integration for Citizens
[01/11 01:11:25] [info] Initializing worker and caches
[01/11 01:11:25] [info] Enabled NPC manager with ProtocolLib
[01/11 01:11:25] [info] Registering integrations
[01/11 01:11:25] [info] Initializing tasks and listeners
[01/11 02:09:41] [info] Disabled integration for PlaceholderAPI
[01/11 02:09:41] [info] Disabled integration for Citizens
[01/11 19:14:03] [info] Initializing worker and caches
[01/11 19:14:03] [info] Enabled NPC manager with ProtocolLib
[01/11 19:14:03] [info] Registering integrations
[01/11 19:14:03] [info] Initializing tasks and listeners
[01/11 20:21:13] [info] Disabled integration for PlaceholderAPI
[01/11 20:21:13] [info] Disabled integration for Citizens
[01/11 20:24:25] [info] Initializing worker and caches
[01/11 20:24:25] [info] Enabled NPC manager with ProtocolLib
[01/11 20:24:25] [info] Registering integrations
[01/11 20:24:25] [info] Initializing tasks and listeners
[02/11 01:07:54] [info] Disabled integration for PlaceholderAPI
[02/11 01:07:54] [info] Disabled integration for Citizens
[03/11 23:17:18] [info] Initializing worker and caches
[03/11 23:17:18] [info] Enabled NPC manager with ProtocolLib
[03/11 23:17:18] [info] Registering integrations
[03/11 23:17:18] [info] Initializing tasks and listeners
[04/11 00:06:18] [info] Disabled integration for PlaceholderAPI
[04/11 00:06:18] [info] Disabled integration for Citizens
[04/11 00:08:45] [info] Initializing worker and caches
[04/11 00:08:45] [info] Enabled NPC manager with ProtocolLib
[04/11 00:08:45] [info] Registering integrations
[04/11 00:08:45] [info] Initializing tasks and listeners
[04/11 01:10:26] [info] Disabled integration for PlaceholderAPI
[04/11 01:10:26] [info] Disabled integration for Citizens
